  [4;36;1mSQL (0.9ms)[0m   [0;1m SELECT name
 FROM sqlite_master
 WHERE type = 'table' AND NOT name = 'sqlite_sequence'
[0m
  [4;35;1mSQL (0.5ms)[0m   [0mselect sqlite_version(*)[0m
  [4;36;1mSQL (12.3ms)[0m   [0;1mCREATE TABLE "schema_migrations" ("version" varchar(255) NOT NULL) [0m
  [4;35;1mSQL (11.5ms)[0m   [0mCREATE UNIQUE INDEX "unique_schema_migrations" ON "schema_migrations" ("version")[0m
  [4;36;1mSQL (0.6ms)[0m   [0;1m SELECT name
 FROM sqlite_master
 WHERE type = 'table' AND NOT name = 'sqlite_sequence'
[0m
  [4;35;1mSQL (0.4ms)[0m   [0mSELECT version FROM schema_migrations[0m
Migrating to CreateCourses (20091108200210)
  [4;36;1mSQL (1.1ms)[0m   [0;1mCREATE TABLE "courses" ("id" INTEGER PRIMARY KEY AUTOINCREMENT NOT NULL, "name" varchar(255), "description" text, "created_at" datetime, "updated_at" datetime) [0m
  [4;35;1mSQL (0.4ms)[0m   [0mINSERT INTO schema_migrations (version) VALUES ('20091108200210')[0m
  [4;36;1mSQL (0.7ms)[0m   [0;1m SELECT name
 FROM sqlite_master
 WHERE type = 'table' AND NOT name = 'sqlite_sequence'
[0m
  [4;35;1mSQL (0.5ms)[0m   [0mSELECT version FROM schema_migrations[0m
  [4;36;1mSQL (0.6ms)[0m   [0;1m SELECT name
 FROM sqlite_master
 WHERE type = 'table' AND NOT name = 'sqlite_sequence'
[0m
  [4;35;1mSQL (0.4ms)[0m   [0mPRAGMA index_list("courses")[0m
  [4;36;1mCourse Load (0.4ms)[0m   [0;1mSELECT * FROM "courses" [0m
  [4;35;1mCourse Load (0.4ms)[0m   [0mSELECT * FROM "courses" LIMIT 1[0m
  [4;36;1mCourse Load (0.4ms)[0m   [0;1mSELECT * FROM "courses" [0m
  [4;35;1mCourse Create (1.1ms)[0m   [0mINSERT INTO "courses" ("name", "created_at", "updated_at", "description") VALUES('TikRa', '2009-11-08 20:16:26', '2009-11-08 20:16:26', 'Mahtava kurssi!')[0m
  [4;36;1mCourse Create (0.7ms)[0m   [0;1mINSERT INTO "courses" ("name", "created_at", "updated_at", "description") VALUES('Rails', '2009-11-08 20:16:28', '2009-11-08 20:16:28', 'Ai jee jee kurssi.')[0m
  [4;35;1mCourse Load (1.1ms)[0m   [0mSELECT * FROM "courses" [0m


Processing CoursesController#index (for 127.0.0.1 at 2009-11-08 22:26:45) [GET]
  [4;36;1mCourse Load (1.7ms)[0m   [0;1mSELECT * FROM "courses" [0m
Rendering courses/index
Completed in 48ms (View: 28, DB: 2) | 200 OK [http://localhost/courses/index]


Processing CoursesController#index (for 127.0.0.1 at 2009-11-08 22:44:51) [GET]
  [4;35;1mCourse Load (1.5ms)[0m   [0mSELECT * FROM "courses" [0m
Rendering template within layouts/application
Rendering courses/index
Completed in 55ms (View: 39, DB: 1) | 200 OK [http://localhost/courses/index]


Processing CoursesController#index (for 127.0.0.1 at 2009-11-08 22:44:54) [GET]
  [4;36;1mCourse Load (1.5ms)[0m   [0;1mSELECT * FROM "courses" [0m
Rendering template within layouts/application
Rendering courses/index
Completed in 25ms (View: 8, DB: 1) | 200 OK [http://localhost/courses/index]


Processing ApplicationController#index (for 127.0.0.1 at 2009-11-09 21:19:21) [GET]

ActionController::RoutingError (No route matches "/animals" with {:method=>:get}):
  

Rendering rescues/layout (not_found)


Processing ApplicationController#index (for 127.0.0.1 at 2009-11-09 21:19:22) [GET]

ActionController::RoutingError (No route matches "/animals/new" with {:method=>:get}):
  

Rendering rescues/layout (not_found)


Processing CoursesController#index (for 127.0.0.1 at 2009-11-09 21:27:33) [GET]
  [4;36;1mCourse Load (1.8ms)[0m   [0;1mSELECT * FROM "courses" [0m
Rendering template within layouts/application
Rendering courses/index
Completed in 163ms (View: 139, DB: 2) | 200 OK [http://localhost/courses/index]


Processing CoursesController#coursepage (for 127.0.0.1 at 2009-11-09 21:27:41) [GET]
  [4;35;1mCourse Load (0.9ms)[0m   [0mSELECT * FROM "courses" WHERE ("courses"."name" = 'Rails') LIMIT 1[0m
Rendering template within layouts/application
Rendering courses/coursepage

ActionView::TemplateError (You have a nil object when you didn't expect it!
The error occurred while evaluating nil.name) on line #1 of app/views/courses/coursepage.html.erb:
1: <h2><%= @course.name %></h2>
2: 
3: <%= link_to 'Back', :back %>
4: 

    app/views/courses/coursepage.html.erb:1

Rendered rescues/_trace (295.9ms)
Rendered rescues/_request_and_response (12.5ms)
Rendering rescues/layout (internal_server_error)
  [4;36;1mSQL (1.5ms)[0m   [0;1m SELECT name
 FROM sqlite_master
 WHERE type = 'table' AND NOT name = 'sqlite_sequence'
[0m
  [4;35;1mSQL (0.6ms)[0m   [0mSELECT version FROM schema_migrations[0m
Migrating to CreateCourses (20091108200210)
  [4;36;1mSQL (0.5ms)[0m   [0;1mselect sqlite_version(*)[0m
  [4;35;1mSQL (0.7ms)[0m   [0m SELECT name
 FROM sqlite_master
 WHERE type = 'table' AND NOT name = 'sqlite_sequence'
[0m
  [4;36;1mSQL (0.5ms)[0m   [0;1mSELECT version FROM schema_migrations[0m
  [4;35;1mSQL (0.7ms)[0m   [0m SELECT name
 FROM sqlite_master
 WHERE type = 'table' AND NOT name = 'sqlite_sequence'
[0m
  [4;36;1mSQL (0.3ms)[0m   [0;1mPRAGMA index_list("courses")[0m
  [4;36;1mSQL (1.4ms)[0m   [0;1m SELECT name
 FROM sqlite_master
 WHERE type = 'table' AND NOT name = 'sqlite_sequence'
[0m
  [4;35;1mSQL (0.6ms)[0m   [0mSELECT version FROM schema_migrations[0m
Migrating to CreateCourses (20091108200210)
Migrating to AddCourseIdToCourses (20091109200432)
  [4;36;1mSQL (0.4ms)[0m   [0;1mselect sqlite_version(*)[0m
  [4;35;1mSQL (0.0ms)[0m   [0mSQLite3::SQLException: duplicate column name: id: ALTER TABLE "courses" ADD "id" integer[0m


Processing CoursesController#coursepage (for 127.0.0.1 at 2009-11-09 22:08:30) [GET]

ActiveRecord::RecordNotFound (Couldn't find Course without an ID):
  app/controllers/courses_controller.rb:7:in `coursepage'

Rendered rescues/_trace (547.3ms)
Rendered rescues/_request_and_response (0.8ms)
Rendering rescues/layout (not_found)


Processing CoursesController#coursepage (for 127.0.0.1 at 2009-11-09 22:08:39) [GET]
  Parameters: {"id"=>"1"}
  [4;36;1mCourse Load (0.8ms)[0m   [0;1mSELECT * FROM "courses" WHERE ("courses"."id" = 1) [0m
Rendering template within layouts/application
Rendering courses/coursepage

ActionView::TemplateError (You have a nil object when you didn't expect it!
The error occurred while evaluating nil.name) on line #1 of app/views/courses/coursepage.html.erb:
1: <h2><%= @course.name %></h2>
2: 
3: <%= link_to 'Back', :back %>
4: 

    app/views/courses/coursepage.html.erb:1

Rendered rescues/_trace (280.8ms)
Rendered rescues/_request_and_response (0.8ms)
Rendering rescues/layout (internal_server_error)
  [4;36;1mCourse Load (1.5ms)[0m   [0;1mSELECT * FROM "courses" LIMIT 1[0m
  [4;35;1mCourse Load (1.1ms)[0m   [0mSELECT * FROM "courses" [0m


Processing CoursesController#coursepage (for 127.0.0.1 at 2009-11-09 22:11:08) [GET]
  Parameters: {"id"=>"1"}
  [4;35;1mCourse Load (0.8ms)[0m   [0mSELECT * FROM "courses" WHERE ("courses"."id" = 1) [0m
Rendering template within layouts/application
Rendering courses/coursepage
Completed in 44ms (View: 23, DB: 1) | 200 OK [http://localhost/courses/coursepage/1]


Processing CoursesController#coursepage (for 127.0.0.1 at 2009-11-09 22:11:17) [GET]
  Parameters: {"id"=>"2"}
  [4;36;1mCourse Load (0.8ms)[0m   [0;1mSELECT * FROM "courses" WHERE ("courses"."id" = 2) [0m
Rendering template within layouts/application
Rendering courses/coursepage
Completed in 41ms (View: 9, DB: 1) | 200 OK [http://localhost/courses/coursepage/2]


Processing CoursesController#index (for 127.0.0.1 at 2009-11-09 22:11:45) [GET]
  [4;35;1mCourse Load (1.6ms)[0m   [0mSELECT * FROM "courses" [0m
Rendering template within layouts/application
Rendering courses/index

ActionView::TemplateError (undefined local variable or method `coursepage_path' for #<ActionView::Base:0xb7720e04>) on line #4 of app/views/courses/index.html.erb:
1: <ul>
2: 	<% @courses.each do |course| %>
3: 	<-- <li><%= course.name %></li> -->
4: 	<%= link_to course.name, coursepage_path %>
5: 	<% end %>
6: </ul>

    app/views/courses/index.html.erb:4
    app/views/courses/index.html.erb:2:in `each'
    app/views/courses/index.html.erb:2

Rendered rescues/_trace (163.5ms)
Rendered rescues/_request_and_response (0.8ms)
Rendering rescues/layout (internal_server_error)


Processing CoursesController#index (for 127.0.0.1 at 2009-11-09 22:17:53) [GET]
  [4;36;1mCourse Load (1.4ms)[0m   [0;1mSELECT * FROM "courses" [0m
Rendering template within layouts/application
Rendering courses/index

ActionView::TemplateError (undefined local variable or method `coursepage_path' for #<ActionView::Base:0xb7151500>) on line #4 of app/views/courses/index.html.erb:
1: <ul>
2: 	<% @courses.each do |course| %>
3: 	<-- <li><%= course.name %></li> -->
4: 	<%= link_to course.name, coursepage_path %>
5: 	<% end %>
6: </ul>

    app/views/courses/index.html.erb:4
    app/views/courses/index.html.erb:2:in `each'
    app/views/courses/index.html.erb:2

Rendered rescues/_trace (340.3ms)
Rendered rescues/_request_and_response (0.8ms)
Rendering rescues/layout (internal_server_error)


Processing CoursesController#index (for 127.0.0.1 at 2009-11-09 22:18:01) [GET]
  [4;35;1mCourse Load (1.6ms)[0m   [0mSELECT * FROM "courses" [0m
Rendering template within layouts/application
Rendering courses/index

ActionView::TemplateError (undefined local variable or method `coursepage_path' for #<ActionView::Base:0xb73aca48>) on line #4 of app/views/courses/index.html.erb:
1: <ul>
2: 	<% @courses.each do |course| %>
3: 	<-- <li><%= course.name %></li> -->
4: 	<%= link_to course.name, coursepage_path %>
5: 	<% end %>
6: </ul>

    app/views/courses/index.html.erb:4
    app/views/courses/index.html.erb:2:in `each'
    app/views/courses/index.html.erb:2

Rendered rescues/_trace (301.5ms)
Rendered rescues/_request_and_response (0.8ms)
Rendering rescues/layout (internal_server_error)


Processing CoursesController#1 (for 127.0.0.1 at 2009-11-09 22:18:06) [GET]

ActionController::UnknownAction (No action responded to 1. Actions: courses and index):
  

Rendering rescues/layout (not_found)


Processing CoursesController#courses (for 127.0.0.1 at 2009-11-09 22:18:12) [GET]
  Parameters: {"id"=>"1"}
  [4;36;1mCourse Load (0.8ms)[0m   [0;1mSELECT * FROM "courses" WHERE ("courses"."id" = 1) [0m
Rendering template within layouts/application
Rendering courses/courses
Completed in 47ms (View: 18, DB: 1) | 200 OK [http://localhost/courses/courses/1]


Processing CoursesController#coursepage (for 127.0.0.1 at 2009-11-09 22:18:33) [GET]
  Parameters: {"id"=>"1"}
Rendering template within layouts/application
Rendering courses/coursepage

ActionView::TemplateError (You have a nil object when you didn't expect it!
The error occurred while evaluating nil.name) on line #1 of app/views/courses/coursepage.html.erb:
1: <h2><%= @courses.name %></h2>
2: 
3: <%= link_to 'Back', :back %>
4: 

    app/views/courses/coursepage.html.erb:1

Rendered rescues/_trace (327.5ms)
Rendered rescues/_request_and_response (0.8ms)
Rendering rescues/layout (internal_server_error)


Processing CoursesController#coursepage (for 127.0.0.1 at 2009-11-09 22:19:13) [GET]
  Parameters: {"id"=>"1"}
  [4;35;1mCourse Load (0.8ms)[0m   [0mSELECT * FROM "courses" WHERE ("courses"."id" = 1) [0m
Rendering template within layouts/application
Rendering courses/coursepage
Completed in 31ms (View: 7, DB: 1) | 200 OK [http://localhost/courses/coursepage/1]


Processing CoursesController#index (for 127.0.0.1 at 2009-11-09 22:20:34) [GET]
  [4;36;1mCourse Load (2.6ms)[0m   [0;1mSELECT * FROM "courses" [0m
Rendering template within layouts/application
Rendering courses/index
Completed in 92ms (View: 69, DB: 3) | 200 OK [http://localhost/courses/]


Processing CoursesController#index (for 127.0.0.1 at 2009-11-09 22:20:37) [GET]
  [4;35;1mCourse Load (1.4ms)[0m   [0mSELECT * FROM "courses" [0m
Rendering template within layouts/application
Rendering courses/index
Completed in 78ms (View: 24, DB: 1) | 200 OK [http://localhost/courses]


Processing CoursesController#index (for 127.0.0.1 at 2009-11-09 22:20:49) [GET]
  [4;36;1mCourse Load (1.4ms)[0m   [0;1mSELECT * FROM "courses" [0m
Rendering template within layouts/application
Rendering courses/index
Completed in 47ms (View: 26, DB: 1) | 200 OK [http://localhost/courses]


Processing CoursesController#index (for 127.0.0.1 at 2009-11-09 22:21:08) [GET]
  [4;35;1mCourse Load (1.5ms)[0m   [0mSELECT * FROM "courses" [0m
Rendering template within layouts/application
Rendering courses/index
Completed in 45ms (View: 23, DB: 1) | 200 OK [http://localhost/courses]


Processing CoursesController#index (for 127.0.0.1 at 2009-11-09 22:21:27) [GET]
  [4;36;1mCourse Load (1.4ms)[0m   [0;1mSELECT * FROM "courses" [0m
Rendering template within layouts/application
Rendering courses/index
Completed in 49ms (View: 24, DB: 1) | 200 OK [http://localhost/courses]


Processing CoursesController#index (for 127.0.0.1 at 2009-11-09 22:21:30) [GET]
  [4;35;1mCourse Load (1.5ms)[0m   [0mSELECT * FROM "courses" [0m
Rendering template within layouts/application
Rendering courses/index
Completed in 33ms (View: 10, DB: 2) | 200 OK [http://localhost/courses]


Processing CoursesController#index (for 127.0.0.1 at 2009-11-09 22:25:42) [GET]
  [4;36;1mCourse Load (1.5ms)[0m   [0;1mSELECT * FROM "courses" [0m
Rendering template within layouts/application
Rendering courses/index
ERROR: compiling _run_erb_app47views47courses47index46html46erb RAISED compile error
/home/chawi/Projects/hali-ilmo2.0/app/views/courses/index.html.erb:4: syntax error, unexpected ')'
...at(( link_to(@coursepage) do ).to_s); @output_buffer.concat ...
                              ^
/home/chawi/Projects/hali-ilmo2.0/app/views/courses/index.html.erb:8: syntax error, unexpected kEND, expecting ')'
;  end ; @output_buffer.concat "\n</ul>\n\n"
      ^
/home/chawi/Projects/hali-ilmo2.0/app/views/courses/index.html.erb:12: syntax error, unexpected kENSURE, expecting ')'
/home/chawi/Projects/hali-ilmo2.0/app/views/courses/index.html.erb:14: syntax error, unexpected kEND, expecting ')'
Function body:           def _run_erb_app47views47courses47index46html46erb(local_assigns)
            old_output_buffer = output_buffer;;@output_buffer = '';  __in_erb_template=true ; @output_buffer.concat "<ul>\n\t"
;  @courses.each do |course| ; @output_buffer.concat "\n\t\t<li>\n\t\t\t"

; @output_buffer.concat(( link_to(@coursepage) do ).to_s); @output_buffer.concat "\n\t\t\t\t"
; @output_buffer.concat(( course.name ).to_s); @output_buffer.concat "\n\t\t\t"
;  end ; @output_buffer.concat "\n\t\t</li>\n\t"

;  end ; @output_buffer.concat "\n</ul>\n\n"


; @output_buffer
          ensure
            self.output_buffer = old_output_buffer
          end
Backtrace: /home/chawi/Projects/hali-ilmo2.0/app/views/courses/index.html.erb:14:in `compile!'
/usr/lib/ruby/gems/1.8/gems/actionpack-2.3.4/lib/action_view/renderable.rb:61:in `compile'
/usr/lib/ruby/gems/1.8/gems/actionpack-2.3.4/lib/action_view/renderable.rb:28:in `render'
/usr/lib/ruby/gems/1.8/gems/actionpack-2.3.4/lib/action_view/template.rb:199:in `render_template'
/usr/lib/ruby/gems/1.8/gems/actionpack-2.3.4/lib/action_view/base.rb:260:in `render'
/usr/lib/ruby/gems/1.8/gems/actionpack-2.3.4/lib/action_view/base.rb:343:in `_render_with_layout'
/usr/lib/ruby/gems/1.8/gems/actionpack-2.3.4/lib/action_view/base.rb:257:in `render'
/usr/lib/ruby/gems/1.8/gems/actionpack-2.3.4/lib/action_controller/base.rb:1250:in `render_for_file'
/usr/lib/ruby/gems/1.8/gems/actionpack-2.3.4/lib/action_controller/base.rb:945:in `render_without_benchmark'
/usr/lib/ruby/gems/1.8/gems/actionpack-2.3.4/lib/action_controller/benchmarking.rb:51:in `render'
/usr/lib/ruby/gems/1.8/gems/activesupport-2.3.4/lib/active_support/core_ext/benchmark.rb:17:in `ms'
/usr/lib/ruby/1.8/benchmark.rb:308:in `realtime'
/usr/lib/ruby/gems/1.8/gems/activesupport-2.3.4/lib/active_support/core_ext/benchmark.rb:17:in `ms'
/usr/lib/ruby/gems/1.8/gems/actionpack-2.3.4/lib/action_controller/benchmarking.rb:51:in `render'
/usr/lib/ruby/gems/1.8/gems/actionpack-2.3.4/lib/action_controller/base.rb:1326:in `default_render'
/usr/lib/ruby/gems/1.8/gems/actionpack-2.3.4/lib/action_controller/base.rb:1332:in `perform_action_without_filters'
/usr/lib/ruby/gems/1.8/gems/actionpack-2.3.4/lib/action_controller/filters.rb:617:in `call_filters'
/usr/lib/ruby/gems/1.8/gems/actionpack-2.3.4/lib/action_controller/filters.rb:610:in `perform_action_without_benchmark'
/usr/lib/ruby/gems/1.8/gems/actionpack-2.3.4/lib/action_controller/benchmarking.rb:68:in `perform_action_without_rescue'
/usr/lib/ruby/gems/1.8/gems/activesupport-2.3.4/lib/active_support/core_ext/benchmark.rb:17:in `ms'
/usr/lib/ruby/1.8/benchmark.rb:308:in `realtime'
/usr/lib/ruby/gems/1.8/gems/activesupport-2.3.4/lib/active_support/core_ext/benchmark.rb:17:in `ms'
/usr/lib/ruby/gems/1.8/gems/actionpack-2.3.4/lib/action_controller/benchmarking.rb:68:in `perform_action_without_rescue'
/usr/lib/ruby/gems/1.8/gems/actionpack-2.3.4/lib/action_controller/rescue.rb:160:in `perform_action_without_flash'
/usr/lib/ruby/gems/1.8/gems/actionpack-2.3.4/lib/action_controller/flash.rb:146:in `perform_action'
/usr/lib/ruby/gems/1.8/gems/actionpack-2.3.4/lib/action_controller/base.rb:532:in `send'
/usr/lib/ruby/gems/1.8/gems/actionpack-2.3.4/lib/action_controller/base.rb:532:in `process_without_filters'
/usr/lib/ruby/gems/1.8/gems/actionpack-2.3.4/lib/action_controller/filters.rb:606:in `process'
/usr/lib/ruby/gems/1.8/gems/actionpack-2.3.4/lib/action_controller/base.rb:391:in `process'
/usr/lib/ruby/gems/1.8/gems/actionpack-2.3.4/lib/action_controller/base.rb:386:in `call'
/usr/lib/ruby/gems/1.8/gems/actionpack-2.3.4/lib/action_controller/routing/route_set.rb:437:in `call'
/usr/lib/ruby/gems/1.8/gems/actionpack-2.3.4/lib/action_controller/dispatcher.rb:87:in `dispatch'
/usr/lib/ruby/gems/1.8/gems/actionpack-2.3.4/lib/action_controller/dispatcher.rb:121:in `_call'
/usr/lib/ruby/gems/1.8/gems/actionpack-2.3.4/lib/action_controller/dispatcher.rb:130:in `build_middleware_stack'
/usr/lib/ruby/gems/1.8/gems/activerecord-2.3.4/lib/active_record/query_cache.rb:29:in `call'
/usr/lib/ruby/gems/1.8/gems/activerecord-2.3.4/lib/active_record/query_cache.rb:29:in `call'
/usr/lib/ruby/gems/1.8/gems/activerecord-2.3.4/lib/active_record/connection_adapters/abstract/query_cache.rb:34:in `cache'
/usr/lib/ruby/gems/1.8/gems/activerecord-2.3.4/lib/active_record/query_cache.rb:9:in `cache'
/usr/lib/ruby/gems/1.8/gems/activerecord-2.3.4/lib/active_record/query_cache.rb:28:in `call'
/usr/lib/ruby/gems/1.8/gems/activerecord-2.3.4/lib/active_record/connection_adapters/abstract/connection_pool.rb:361:in `call'
/usr/lib/ruby/gems/1.8/gems/rack-1.0.1/lib/rack/head.rb:9:in `call'
/usr/lib/ruby/gems/1.8/gems/rack-1.0.1/lib/rack/methodoverride.rb:24:in `call'
/usr/lib/ruby/gems/1.8/gems/actionpack-2.3.4/lib/action_controller/params_parser.rb:15:in `call'
/usr/lib/ruby/gems/1.8/gems/actionpack-2.3.4/lib/action_controller/session/cookie_store.rb:93:in `call'
/usr/lib/ruby/gems/1.8/gems/actionpack-2.3.4/lib/action_controller/failsafe.rb:26:in `call'
/usr/lib/ruby/gems/1.8/gems/rack-1.0.1/lib/rack/lock.rb:11:in `call'
/usr/lib/ruby/gems/1.8/gems/rack-1.0.1/lib/rack/lock.rb:11:in `synchronize'
/usr/lib/ruby/gems/1.8/gems/rack-1.0.1/lib/rack/lock.rb:11:in `call'
/usr/lib/ruby/gems/1.8/gems/actionpack-2.3.4/lib/action_controller/dispatcher.rb:114:in `call'
/usr/lib/ruby/gems/1.8/gems/actionpack-2.3.4/lib/action_controller/reloader.rb:34:in `run'
/usr/lib/ruby/gems/1.8/gems/actionpack-2.3.4/lib/action_controller/dispatcher.rb:108:in `call'
/usr/lib/ruby/gems/1.8/gems/rails-2.3.4/lib/rails/rack/static.rb:31:in `call'
/usr/lib/ruby/gems/1.8/gems/rack-1.0.1/lib/rack/urlmap.rb:46:in `call'
/usr/lib/ruby/gems/1.8/gems/rack-1.0.1/lib/rack/urlmap.rb:40:in `each'
/usr/lib/ruby/gems/1.8/gems/rack-1.0.1/lib/rack/urlmap.rb:40:in `call'
/usr/lib/ruby/gems/1.8/gems/rails-2.3.4/lib/rails/rack/log_tailer.rb:17:in `call'
/usr/lib/ruby/gems/1.8/gems/rack-1.0.1/lib/rack/content_length.rb:13:in `call'
/usr/lib/ruby/gems/1.8/gems/rack-1.0.1/lib/rack/chunked.rb:15:in `call'
/usr/lib/ruby/gems/1.8/gems/rack-1.0.1/lib/rack/handler/mongrel.rb:64:in `process'
/usr/lib/ruby/gems/1.8/gems/mongrel-1.1.5/lib/mongrel.rb:159:in `process_client'
/usr/lib/ruby/gems/1.8/gems/mongrel-1.1.5/lib/mongrel.rb:158:in `each'
/usr/lib/ruby/gems/1.8/gems/mongrel-1.1.5/lib/mongrel.rb:158:in `process_client'
/usr/lib/ruby/gems/1.8/gems/mongrel-1.1.5/lib/mongrel.rb:285:in `run'
/usr/lib/ruby/gems/1.8/gems/mongrel-1.1.5/lib/mongrel.rb:285:in `initialize'
/usr/lib/ruby/gems/1.8/gems/mongrel-1.1.5/lib/mongrel.rb:285:in `new'
/usr/lib/ruby/gems/1.8/gems/mongrel-1.1.5/lib/mongrel.rb:285:in `run'
/usr/lib/ruby/gems/1.8/gems/mongrel-1.1.5/lib/mongrel.rb:268:in `initialize'
/usr/lib/ruby/gems/1.8/gems/mongrel-1.1.5/lib/mongrel.rb:268:in `new'
/usr/lib/ruby/gems/1.8/gems/mongrel-1.1.5/lib/mongrel.rb:268:in `run'
/usr/lib/ruby/gems/1.8/gems/rack-1.0.1/lib/rack/handler/mongrel.rb:34:in `run'
/usr/lib/ruby/gems/1.8/gems/rails-2.3.4/lib/commands/server.rb:111
/usr/local/lib/site_ruby/1.8/rubygems/custom_require.rb:31:in `gem_original_require'
/usr/local/lib/site_ruby/1.8/rubygems/custom_require.rb:31:in `require'
script/server:3

ActionView::TemplateError (compile error
/home/chawi/Projects/hali-ilmo2.0/app/views/courses/index.html.erb:4: syntax error, unexpected ')'
...at(( link_to(@coursepage) do ).to_s); @output_buffer.concat ...
                              ^
/home/chawi/Projects/hali-ilmo2.0/app/views/courses/index.html.erb:8: syntax error, unexpected kEND, expecting ')'
;  end ; @output_buffer.concat "\n</ul>\n\n"
      ^
/home/chawi/Projects/hali-ilmo2.0/app/views/courses/index.html.erb:12: syntax error, unexpected kENSURE, expecting ')'
/home/chawi/Projects/hali-ilmo2.0/app/views/courses/index.html.erb:14: syntax error, unexpected kEND, expecting ')') on line #4 of app/views/courses/index.html.erb:
1: <ul>
2: 	<% @courses.each do |course| %>
3: 		<li>
4: 			<%= link_to(@coursepage) do %>
5: 				<%= course.name %>
6: 			<% end %>
7: 		</li>

    app/views/courses/index.html.erb:14:in `compile!'

Rendered rescues/_trace (182.4ms)
Rendered rescues/_request_and_response (0.7ms)
Rendering rescues/layout (internal_server_error)


Processing CoursesController#index (for 127.0.0.1 at 2009-11-09 22:26:42) [GET]
  [4;35;1mCourse Load (1.4ms)[0m   [0mSELECT * FROM "courses" [0m
Rendering template within layouts/application
Rendering courses/index
Completed in 48ms (View: 26, DB: 1) | 200 OK [http://localhost/courses]


Processing CoursesController#index (for 127.0.0.1 at 2009-11-09 22:26:48) [GET]
  [4;36;1mCourse Load (1.5ms)[0m   [0;1mSELECT * FROM "courses" [0m
Rendering template within layouts/application
Rendering courses/index
Completed in 34ms (View: 10, DB: 1) | 200 OK [http://localhost/courses]


Processing ApplicationController#index (for 127.0.0.1 at 2009-11-09 22:29:01) [GET]

ActionController::RoutingError (No route matches "/coursepage/2" with {:method=>:get}):
  

Rendering rescues/layout (not_found)


Processing ApplicationController#index (for 127.0.0.1 at 2009-11-09 22:29:09) [GET]

ActionController::RoutingError (No route matches "/course/coursepage/2" with {:method=>:get}):
  

Rendering rescues/layout (not_found)


Processing CoursesController#coursepage (for 127.0.0.1 at 2009-11-09 22:29:37) [GET]
  Parameters: {"id"=>"1"}
  [4;35;1mCourse Load (0.8ms)[0m   [0mSELECT * FROM "courses" WHERE ("courses"."id" = 1) [0m
Rendering template within layouts/application
Rendering courses/coursepage
Completed in 51ms (View: 9, DB: 1) | 200 OK [http://localhost/courses/coursepage/1]


Processing CoursesController#coursepages (for 127.0.0.1 at 2009-11-09 22:32:30) [GET]
  Parameters: {"id"=>"1"}

ActionController::UnknownAction (No action responded to coursepages. Actions: coursepage and index):
  

Rendering rescues/layout (not_found)


Processing CoursesController#coursepage (for 127.0.0.1 at 2009-11-09 22:33:30) [GET]
  Parameters: {"id"=>"1"}

ActionController::UnknownAction (No action responded to coursepage. Actions: coursepages and index):
  

Rendering rescues/layout (not_found)


Processing CoursesController#coursepages (for 127.0.0.1 at 2009-11-09 22:33:35) [GET]
  Parameters: {"id"=>"1"}
  [4;36;1mCourse Load (0.9ms)[0m   [0;1mSELECT * FROM "courses" WHERE ("courses"."id" = 1) [0m
Rendering template within layouts/application
Rendering courses/coursepages
Completed in 84ms (View: 51, DB: 1) | 200 OK [http://localhost/courses/coursepages/1]


Processing CoursesController#index (for 127.0.0.1 at 2009-11-09 22:33:47) [GET]
  [4;35;1mCourse Load (1.5ms)[0m   [0mSELECT * FROM "courses" [0m
Rendering template within layouts/application
Rendering courses/index
Completed in 49ms (View: 29, DB: 2) | 200 OK [http://localhost/courses]


Processing CoursesController#index (for 127.0.0.1 at 2009-11-09 22:33:49) [GET]
  [4;36;1mCourse Load (1.5ms)[0m   [0;1mSELECT * FROM "courses" [0m
Rendering template within layouts/application
Rendering courses/index
Completed in 33ms (View: 16, DB: 2) | 200 OK [http://localhost/courses]


Processing CoursesController#index (for 127.0.0.1 at 2009-11-09 22:58:30) [GET]
  [4;35;1mCourse Load (1.4ms)[0m   [0mSELECT * FROM "courses" [0m
Rendering template within layouts/application
Rendering courses/index
Completed in 57ms (View: 40, DB: 1) | 200 OK [http://localhost/courses]


Processing CoursesController#index (for 127.0.0.1 at 2009-11-09 22:58:53) [GET]
  [4;36;1mCourse Load (1.5ms)[0m   [0;1mSELECT * FROM "courses" [0m
Rendering template within layouts/application
Rendering courses/index
Completed in 54ms (View: 24, DB: 1) | 200 OK [http://localhost/]


Processing CoursesController#index (for 127.0.0.1 at 2009-11-09 22:58:58) [GET]
  [4;35;1mCourse Load (1.5ms)[0m   [0mSELECT * FROM "courses" [0m
Rendering template within layouts/application
Rendering courses/index
Completed in 29ms (View: 10, DB: 2) | 200 OK [http://localhost/courses]


Processing ApplicationController#index (for 127.0.0.1 at 2009-11-09 22:59:09) [GET]

ActionController::RoutingError (No route matches "/coursep/age/1" with {:method=>:get}):
  

Rendering rescues/layout (not_found)


Processing ApplicationController#index (for 127.0.0.1 at 2009-11-09 22:59:13) [GET]

ActionController::RoutingError (No route matches "/coursepage/1" with {:method=>:get}):
  

Rendering rescues/layout (not_found)


Processing CoursesController#coursepage (for 127.0.0.1 at 2009-11-09 22:59:19) [GET]
  Parameters: {"id"=>"1"}
  [4;36;1mCourse Load (0.8ms)[0m   [0;1mSELECT * FROM "courses" WHERE ("courses"."id" = 1) [0m
Rendering template within layouts/application
Rendering courses/coursepage
Completed in 100ms (View: 28, DB: 1) | 200 OK [http://localhost/courses/coursepage/1]


Processing CoursesController#index (for 127.0.0.1 at 2009-11-09 23:18:24) [GET]
  [4;35;1mCourse Load (1.5ms)[0m   [0mSELECT * FROM "courses" [0m
Rendering template within layouts/application
Rendering courses/index

ActionView::TemplateError (undefined method `coursepage_path' for #<ActionView::Base:0xb7158184>) on line #4 of app/views/courses/index.html.erb:
1: <ul>
2: 	<% @courses.each do |course| %>
3: 		<li>
4: 			<%= link_to course.name, coursepage_path(:id =>course.id) %>
5: 		</li>
6: 	<% end %>
7: </ul>

    app/views/courses/index.html.erb:4
    app/views/courses/index.html.erb:2:in `each'
    app/views/courses/index.html.erb:2

Rendered rescues/_trace (204.2ms)
Rendered rescues/_request_and_response (300.8ms)
Rendering rescues/layout (internal_server_error)


Processing CoursesController#index (for 127.0.0.1 at 2009-11-09 23:19:30) [GET]
  [4;36;1mCourse Load (1.5ms)[0m   [0;1mSELECT * FROM "courses" [0m
Rendering template within layouts/application
Rendering courses/index

ActionView::TemplateError (undefined method `coursepage_path' for #<ActionView::Base:0xb730d9fc>) on line #4 of app/views/courses/index.html.erb:
1: <ul>
2: 	<% @courses.each do |course| %>
3: 		<li>
4: 			<%= link_to course.name, coursepage_path(:id =>course.id) %>
5: 		</li>
6: 	<% end %>
7: </ul>

    app/views/courses/index.html.erb:4
    app/views/courses/index.html.erb:2:in `each'
    app/views/courses/index.html.erb:2

Rendered rescues/_trace (180.9ms)
Rendered rescues/_request_and_response (0.7ms)
Rendering rescues/layout (internal_server_error)


Processing CoursesController#index (for 127.0.0.1 at 2009-11-09 23:19:53) [GET]
  [4;35;1mCourse Load (2.4ms)[0m   [0mSELECT * FROM "courses" [0m
Rendering template within layouts/application
Rendering courses/index

ActionView::TemplateError (undefined method `coursepage_path' for #<ActionView::Base:0xb74dc7b0>) on line #4 of app/views/courses/index.html.erb:
1: <ul>
2: 	<% @courses.each do |course| %>
3: 		<li>
4: 			<%= link_to "this!", coursepage_path(:id =>course.id) %>
5: 		</li>
6: 	<% end %>
7: </ul>

    app/views/courses/index.html.erb:4
    app/views/courses/index.html.erb:2:in `each'
    app/views/courses/index.html.erb:2

Rendered rescues/_trace (356.5ms)
Rendered rescues/_request_and_response (0.7ms)
Rendering rescues/layout (internal_server_error)


Processing CoursesController#index (for 127.0.0.1 at 2009-11-09 23:23:09) [GET]
  [4;36;1mCourse Load (3.4ms)[0m   [0;1mSELECT * FROM "courses" [0m
Rendering template within layouts/application
Rendering courses/index

ActionView::TemplateError (undefined method `coursepage_path' for #<ActionView::Base:0xb71fe8cc>) on line #4 of app/views/courses/index.html.erb:
1: <ul>
2: 	<% @courses.each do |course| %>
3: 		<li>
4: 			<%= link_to course.name, coursepage_path(course) %>
5: 		</li>
6: 	<% end %>
7: </ul>

    app/views/courses/index.html.erb:4
    app/views/courses/index.html.erb:2:in `each'
    app/views/courses/index.html.erb:2

Rendered rescues/_trace (167.3ms)
Rendered rescues/_request_and_response (0.7ms)
Rendering rescues/layout (internal_server_error)


Processing CoursesController#index (for 127.0.0.1 at 2009-11-09 23:25:45) [GET]
  [4;35;1mCourse Load (3.4ms)[0m   [0mSELECT * FROM "courses" [0m
Rendering template within layouts/application
Rendering courses/index

ActionView::TemplateError (undefined method `coursepage_path' for #<ActionView::Base:0xb762f838>) on line #4 of app/views/courses/index.html.erb:
1: <ul>
2: 	<% @courses.each do |course| %>
3: 		<li>
4: 			<%= link_to course.name, coursepage_path(course) %>
5: 		</li>
6: 	<% end %>
7: </ul>

    app/views/courses/index.html.erb:4
    app/views/courses/index.html.erb:2:in `each'
    app/views/courses/index.html.erb:2

Rendered rescues/_trace (186.1ms)
Rendered rescues/_request_and_response (0.7ms)
Rendering rescues/layout (internal_server_error)


Processing CoursesController#index (for 127.0.0.1 at 2009-11-09 23:28:02) [GET]
  [4;36;1mCourse Load (1.5ms)[0m   [0;1mSELECT * FROM "courses" [0m
Rendering template within layouts/application
Rendering courses/index

ActionView::TemplateError (undefined method `coursepage_path' for #<ActionView::Base:0xb709079c>) on line #4 of app/views/courses/index.html.erb:
1: <ul>
2: 	<% @courses.each do |course| %>
3: 		<li>
4: 			<%= link_to course.name, coursepage_path(course) %>
5: 		</li>
6: 	<% end %>
7: </ul>

    app/views/courses/index.html.erb:4
    app/views/courses/index.html.erb:2:in `each'
    app/views/courses/index.html.erb:2

Rendered rescues/_trace (357.3ms)
Rendered rescues/_request_and_response (0.7ms)
Rendering rescues/layout (internal_server_error)


Processing ApplicationController#index (for 127.0.0.1 at 2009-11-09 23:28:25) [GET]

ActionController::RoutingError (No route matches "/coursepage/1" with {:method=>:get}):
  

Rendering rescues/layout (not_found)


Processing ApplicationController#index (for 127.0.0.1 at 2009-11-09 23:28:31) [GET]

ActionController::RoutingError (No route matches "/course/coursepage/1" with {:method=>:get}):
  

Rendering rescues/layout (not_found)


Processing CoursesController#coursepage (for 127.0.0.1 at 2009-11-09 23:28:36) [GET]
  Parameters: {"id"=>"1"}
  [4;35;1mCourse Load (0.8ms)[0m   [0mSELECT * FROM "courses" WHERE ("courses"."id" = 1) [0m
Rendering template within layouts/application
Rendering courses/coursepage
Completed in 50ms (View: 10, DB: 1) | 200 OK [http://localhost/courses/coursepage/1]


Processing CoursesController#coursepage (for 127.0.0.1 at 2009-11-09 23:28:52) [GET]
  Parameters: {"id"=>"1"}
  [4;36;1mCourse Load (0.8ms)[0m   [0;1mSELECT * FROM "courses" WHERE ("courses"."id" = 1) [0m
Rendering template within layouts/application
Rendering courses/coursepage
Completed in 88ms (View: 15, DB: 1) | 200 OK [http://localhost/courses/coursepage/1]


Processing CoursesController#coursepage (for 127.0.0.1 at 2009-11-09 23:28:54) [GET]
  Parameters: {"id"=>"1"}
  [4;35;1mCourse Load (0.8ms)[0m   [0mSELECT * FROM "courses" WHERE ("courses"."id" = 1) [0m
Rendering template within layouts/application
Rendering courses/coursepage
Completed in 59ms (View: 11, DB: 1) | 200 OK [http://localhost/courses/coursepage/1]


Processing CoursesController#coursepage (for 127.0.0.1 at 2009-11-09 23:28:54) [GET]
  Parameters: {"id"=>"1"}
  [4;36;1mCourse Load (0.8ms)[0m   [0;1mSELECT * FROM "courses" WHERE ("courses"."id" = 1) [0m
Rendering template within layouts/application
Rendering courses/coursepage
Completed in 48ms (View: 5, DB: 1) | 200 OK [http://localhost/courses/coursepage/1]


Processing ApplicationController#index (for 127.0.0.1 at 2009-11-09 23:28:59) [GET]

ActionController::RoutingError (No route matches "/coursepage/1" with {:method=>:get}):
  

Rendering rescues/layout (not_found)


Processing CoursesController#index (for 127.0.0.1 at 2009-11-09 23:37:34) [GET]
  [4;35;1mCourse Load (1.5ms)[0m   [0mSELECT * FROM "courses" [0m
Rendering template within layouts/application
Rendering courses/index

ActionView::TemplateError (undefined method `coursepage_path' for #<ActionView::Base:0xb74b0fd4>) on line #4 of app/views/courses/index.html.erb:
1: <ul>
2: 	<% @courses.each do |course| %>
3: 		<li>
4: 			<%= link_to course.name, coursepage_path(course) %>
5: 		</li>
6: 	<% end %>
7: </ul>

    app/views/courses/index.html.erb:4
    app/views/courses/index.html.erb:2:in `each'
    app/views/courses/index.html.erb:2

Rendered rescues/_trace (352.2ms)
Rendered rescues/_request_and_response (0.7ms)
Rendering rescues/layout (internal_server_error)


Processing CoursesController#index (for 127.0.0.1 at 2009-11-09 23:38:35) [GET]
  [4;36;1mCourse Load (1.5ms)[0m   [0;1mSELECT * FROM "courses" [0m
Rendering template within layouts/application
Rendering courses/index

ActionView::TemplateError (undefined method `coursepage_path' for #<ActionView::Base:0xb71f1c08>) on line #4 of app/views/courses/index.html.erb:
1: <ul>
2: 	<% @courses.each do |course| %>
3: 		<li>
4: 			<%= link_to course.name, coursepage_path(course) %>
5: 		</li>
6: 	<% end %>
7: </ul>

    app/views/courses/index.html.erb:4
    app/views/courses/index.html.erb:2:in `each'
    app/views/courses/index.html.erb:2

Rendered rescues/_trace (181.7ms)
Rendered rescues/_request_and_response (0.7ms)
Rendering rescues/layout (internal_server_error)


Processing CoursesController#index (for 127.0.0.1 at 2009-11-09 23:38:37) [GET]
  [4;35;1mCourse Load (1.4ms)[0m   [0mSELECT * FROM "courses" [0m
Rendering template within layouts/application
Rendering courses/index

ActionView::TemplateError (undefined method `coursepage_path' for #<ActionView::Base:0xb772330c>) on line #4 of app/views/courses/index.html.erb:
1: <ul>
2: 	<% @courses.each do |course| %>
3: 		<li>
4: 			<%= link_to course.name, coursepage_path(course) %>
5: 		</li>
6: 	<% end %>
7: </ul>

    app/views/courses/index.html.erb:4
    app/views/courses/index.html.erb:2:in `each'
    app/views/courses/index.html.erb:2

Rendered rescues/_trace (180.3ms)
Rendered rescues/_request_and_response (0.7ms)
Rendering rescues/layout (internal_server_error)


Processing CoursesController#index (for 127.0.0.1 at 2009-11-09 23:39:58) [GET]
  [4;36;1mCourse Load (9.0ms)[0m   [0;1mSELECT * FROM "courses" [0m
Rendering template within layouts/application
Rendering courses/index

ActionView::TemplateError (undefined method `coursepage_path' for #<ActionView::Base:0xb7133be0>) on line #4 of app/views/courses/index.html.erb:
1: <ul>
2: 	<% @courses.each do |course| %>
3: 		<li>
4: 			<%= link_to course.name, coursepage_path(course) %>
5: 		</li>
6: 	<% end %>
7: </ul>

    app/views/courses/index.html.erb:4
    app/views/courses/index.html.erb:2:in `each'
    app/views/courses/index.html.erb:2

Rendered rescues/_trace (173.0ms)
Rendered rescues/_request_and_response (0.7ms)
Rendering rescues/layout (internal_server_error)


Processing ApplicationController#index (for 127.0.0.1 at 2009-11-09 23:40:07) [GET]

ActionController::RoutingError (No route matches "/coursepage/1" with {:method=>:get}):
  

Rendering rescues/layout (not_found)


Processing CoursesController#coursepage (for 127.0.0.1 at 2009-11-09 23:40:12) [GET]
  Parameters: {"id"=>"1"}
Rendering template within layouts/application
Rendering courses/coursepage

ActionView::TemplateError (You have a nil object when you didn't expect it!
The error occurred while evaluating nil.name) on line #1 of app/views/courses/coursepage.html.erb:
1: <h2><%= @courses.name %></h2>
2: 
3: <%= link_to 'Back', :back %>
4: 

    app/views/courses/coursepage.html.erb:1

Rendered rescues/_trace (169.5ms)
Rendered rescues/_request_and_response (0.8ms)
Rendering rescues/layout (internal_server_error)


Processing CoursesController#coursepage (for 127.0.0.1 at 2009-11-09 23:44:11) [GET]
  Parameters: {"id"=>"1"}
  [4;35;1mCourse Load (0.8ms)[0m   [0mSELECT * FROM "courses" WHERE ("courses"."id" = 1) [0m
Rendering template within layouts/application
Rendering courses/coursepage
Completed in 34ms (View: 6, DB: 1) | 200 OK [http://localhost/coursepages/1]


Processing CoursesController#coursepage (for 127.0.0.1 at 2009-11-09 23:44:21) [GET]
  Parameters: {"id"=>"1"}
  [4;36;1mCourse Load (8.7ms)[0m   [0;1mSELECT * FROM "courses" WHERE ("courses"."id" = 1) [0m
Rendering template within layouts/application
Rendering courses/coursepage
Completed in 48ms (View: 5, DB: 9) | 200 OK [http://localhost/courses/coursepage/1]


Processing CoursesController#coursepage (for 127.0.0.1 at 2009-11-09 23:44:29) [GET]
  Parameters: {"id"=>"1"}
  [4;35;1mCourse Load (0.8ms)[0m   [0mSELECT * FROM "courses" WHERE ("courses"."id" = 1) [0m
Rendering template within layouts/application
Rendering courses/coursepage
Completed in 48ms (View: 5, DB: 1) | 200 OK [http://localhost/coursepages/1]


Processing CoursesController#coursepage (for 127.0.0.1 at 2009-11-09 23:44:36) [GET]
  Parameters: {"id"=>"1"}
  [4;36;1mCourse Load (0.8ms)[0m   [0;1mSELECT * FROM "courses" WHERE ("courses"."id" = 1) [0m
Rendering template within layouts/application
Rendering courses/coursepage
Completed in 45ms (View: 5, DB: 1) | 200 OK [http://localhost/coursepages/1]


Processing CoursesController#coursepage (for 127.0.0.1 at 2009-11-09 23:45:54) [GET]
  Parameters: {"id"=>"1"}
  [4;35;1mCourse Load (0.8ms)[0m   [0mSELECT * FROM "courses" WHERE ("courses"."id" = 1) [0m
Rendering template within layouts/application
Rendering courses/coursepage
Completed in 34ms (View: 7, DB: 1) | 200 OK [http://localhost/coursepages/1]


Processing CoursesController#index (for 127.0.0.1 at 2009-11-09 23:45:58) [GET]
  [4;36;1mCourse Load (1.6ms)[0m   [0;1mSELECT * FROM "courses" [0m
Rendering template within layouts/application
Rendering courses/index
Completed in 61ms (View: 40, DB: 2) | 200 OK [http://localhost/courses]


Processing CoursesController#index (for 127.0.0.1 at 2009-11-09 23:46:01) [GET]
  [4;35;1mCourse Load (1.5ms)[0m   [0mSELECT * FROM "courses" [0m
Rendering template within layouts/application
Rendering courses/index
Completed in 35ms (View: 12, DB: 2) | 200 OK [http://localhost/]


Processing CoursesController#index (for 127.0.0.1 at 2009-11-09 23:46:02) [GET]
  [4;36;1mCourse Load (1.5ms)[0m   [0;1mSELECT * FROM "courses" [0m
Rendering template within layouts/application
Rendering courses/index
Completed in 35ms (View: 11, DB: 2) | 200 OK [http://localhost/]


Processing CoursesController#index (for 127.0.0.1 at 2009-11-09 23:46:04) [GET]
  [4;35;1mCourse Load (1.5ms)[0m   [0mSELECT * FROM "courses" [0m
Rendering template within layouts/application
Rendering courses/index
Completed in 32ms (View: 15, DB: 2) | 200 OK [http://localhost/]


Processing CoursesController#index (for 127.0.0.1 at 2009-11-09 23:46:04) [GET]
  [4;36;1mCourse Load (1.5ms)[0m   [0;1mSELECT * FROM "courses" [0m
Rendering template within layouts/application
Rendering courses/index
Completed in 68ms (View: 14, DB: 2) | 200 OK [http://localhost/]


Processing CoursesController#index (for 127.0.0.1 at 2009-11-09 23:46:04) [GET]
  [4;35;1mCourse Load (1.5ms)[0m   [0mSELECT * FROM "courses" [0m
Rendering template within layouts/application
Rendering courses/index
Completed in 61ms (View: 27, DB: 2) | 200 OK [http://localhost/]


Processing ApplicationController#index (for 127.0.0.1 at 2009-11-09 23:46:33) [GET]

ActionController::RoutingError (No route matches "/" with {:method=>:get}):
  

Rendering rescues/layout (not_found)


Processing CoursesController#index (for 127.0.0.1 at 2009-11-09 23:46:44) [GET]
  [4;36;1mCourse Load (1.4ms)[0m   [0;1mSELECT * FROM "courses" [0m
Rendering template within layouts/application
Rendering courses/index
Completed in 43ms (View: 15, DB: 1) | 200 OK [http://localhost/courses/]


Processing CoursesController#index (for 127.0.0.1 at 2009-11-09 23:46:47) [GET]
  [4;35;1mCourse Load (1.5ms)[0m   [0mSELECT * FROM "courses" [0m
Rendering template within layouts/application
Rendering courses/index
Completed in 30ms (View: 10, DB: 1) | 200 OK [http://localhost/courses]


Processing CoursesController#index (for 127.0.0.1 at 2009-11-09 23:46:49) [GET]
  [4;36;1mCourse Load (1.6ms)[0m   [0;1mSELECT * FROM "courses" [0m
Rendering template within layouts/application
Rendering courses/index
Completed in 28ms (View: 11, DB: 2) | 200 OK [http://localhost/courses]


Processing CoursesController#index (for 127.0.0.1 at 2009-11-09 23:46:57) [GET]
  [4;35;1mCourse Load (1.6ms)[0m   [0mSELECT * FROM "courses" [0m
Rendering template within layouts/application
Rendering courses/index
Completed in 38ms (View: 11, DB: 2) | 200 OK [http://localhost/courses]


Processing CoursesController#index (for 127.0.0.1 at 2009-11-09 23:47:25) [GET]
  [4;36;1mCourse Load (1.5ms)[0m   [0;1mSELECT * FROM "courses" [0m
Rendering template within layouts/application
Rendering courses/index
Completed in 35ms (View: 11, DB: 2) | 200 OK [http://localhost/courses]


Processing CoursesController#index (for 127.0.0.1 at 2009-11-09 23:47:27) [GET]
  [4;35;1mCourse Load (1.5ms)[0m   [0mSELECT * FROM "courses" [0m
Rendering template within layouts/application
Rendering courses/index
Completed in 27ms (View: 11, DB: 1) | 200 OK [http://localhost/courses]


Processing CoursesController#index (for 127.0.0.1 at 2009-11-09 23:47:29) [GET]
  [4;36;1mCourse Load (1.5ms)[0m   [0;1mSELECT * FROM "courses" [0m
Rendering template within layouts/application
Rendering courses/index
Completed in 33ms (View: 16, DB: 2) | 200 OK [http://localhost/courses]


Processing CoursesController#index (for 127.0.0.1 at 2009-11-09 23:47:56) [GET]
  [4;35;1mCourse Load (1.4ms)[0m   [0mSELECT * FROM "courses" [0m
Rendering template within layouts/application
Rendering courses/index
Completed in 37ms (View: 10, DB: 1) | 200 OK [http://localhost/courses]


Processing CoursesController#index (for 127.0.0.1 at 2009-11-09 23:47:59) [GET]
  [4;36;1mCourse Load (1.4ms)[0m   [0;1mSELECT * FROM "courses" [0m
Rendering template within layouts/application
Rendering courses/index
Completed in 34ms (View: 13, DB: 1) | 200 OK [http://localhost/courses]


Processing CoursesController#index (for 127.0.0.1 at 2009-11-09 23:48:56) [GET]
  [4;35;1mCourse Load (1.4ms)[0m   [0mSELECT * FROM "courses" [0m
Rendering template within layouts/application
Rendering courses/index
Completed in 44ms (View: 21, DB: 1) | 200 OK [http://localhost/courses]


Processing CoursesController#coursepage (for 127.0.0.1 at 2009-11-09 23:48:59) [GET]

ActiveRecord::RecordNotFound (Couldn't find Course without an ID):
  app/controllers/courses_controller.rb:7:in `coursepage'

Rendered rescues/_trace (135.0ms)
Rendered rescues/_request_and_response (0.8ms)
Rendering rescues/layout (not_found)


Processing CoursesController#index (for 127.0.0.1 at 2009-11-09 23:50:19) [GET]
  [4;36;1mCourse Load (1.5ms)[0m   [0;1mSELECT * FROM "courses" [0m
Rendering template within layouts/application
Rendering courses/index
Completed in 50ms (View: 27, DB: 1) | 200 OK [http://localhost/courses]


Processing CoursesController#coursepage (for 127.0.0.1 at 2009-11-09 23:50:22) [GET]
  Parameters: {"id"=>"1"}
  [4;35;1mCourse Load (0.8ms)[0m   [0mSELECT * FROM "courses" WHERE ("courses"."id" = 1) [0m
Rendering template within layouts/application
Rendering courses/coursepage
Completed in 40ms (View: 12, DB: 1) | 200 OK [http://localhost/coursepages/1]


Processing CoursesController#coursepage (for 127.0.0.1 at 2009-11-09 23:50:26) [GET]
  Parameters: {"id"=>"2"}
  [4;36;1mCourse Load (0.8ms)[0m   [0;1mSELECT * FROM "courses" WHERE ("courses"."id" = 2) [0m
Rendering template within layouts/application
Rendering courses/coursepage
Completed in 31ms (View: 5, DB: 1) | 200 OK [http://localhost/coursepages/2]


Processing CoursesController#coursepage (for 127.0.0.1 at 2009-11-10 00:09:53) [GET]
  Parameters: {"id"=>"1"}
  [4;35;1mCourse Load (0.8ms)[0m   [0mSELECT * FROM "courses" WHERE ("courses"."id" = 1) [0m
Rendering template within layouts/application
Rendering courses/coursepage
Completed in 26ms (View: 5, DB: 1) | 200 OK [http://localhost/coursepages/1]


Processing CoursesController#index (for 127.0.0.1 at 2009-11-10 00:09:55) [GET]
  [4;36;1mCourse Load (2.7ms)[0m   [0;1mSELECT * FROM "courses" [0m
Rendering template within layouts/application
Rendering courses/index
Completed in 34ms (View: 16, DB: 3) | 200 OK [http://localhost/courses]


Processing CoursesController#coursepage (for 127.0.0.1 at 2009-11-10 00:09:56) [GET]
  Parameters: {"id"=>"2"}
  [4;35;1mCourse Load (0.8ms)[0m   [0mSELECT * FROM "courses" WHERE ("courses"."id" = 2) [0m
Rendering template within layouts/application
Rendering courses/coursepage
Completed in 33ms (View: 7, DB: 1) | 200 OK [http://localhost/coursepages/2]


Processing CoursesController#index (for 127.0.0.1 at 2009-11-10 00:09:59) [GET]
  [4;36;1mCourse Load (1.5ms)[0m   [0;1mSELECT * FROM "courses" [0m
Rendering template within layouts/application
Rendering courses/index
Completed in 36ms (View: 13, DB: 1) | 200 OK [http://localhost/courses]


Processing CoursesController#index (for 127.0.0.1 at 2009-11-10 10:14:27) [GET]
  [4;36;1mCourse Load (1.7ms)[0m   [0;1mSELECT * FROM "courses" [0m
Rendering template within layouts/application
Rendering courses/index
Completed in 228ms (View: 210, DB: 2) | 200 OK [http://localhost/courses]


Processing CoursesController#index (for 127.0.0.1 at 2009-11-10 10:15:25) [GET]
  [4;35;1mCourse Load (1.5ms)[0m   [0mSELECT * FROM "courses" [0m
Rendering template within layouts/application
Rendering courses/index

ActionView::TemplateError (undefined method `course_course_path' for #<ActionView::Base:0xb71e2690>) on line #4 of app/views/courses/index.html.erb:
1: <ul>
2: 	<% @courses.each do |course| %>
3: 		<li>
4: 			<%= link_to course.name, @courses %>
5: 		</li>
6: 	<% end %>
7: </ul>

    app/views/courses/index.html.erb:4
    app/views/courses/index.html.erb:2:in `each'
    app/views/courses/index.html.erb:2

Rendered rescues/_trace (167.5ms)
Rendered rescues/_request_and_response (3.4ms)
Rendering rescues/layout (internal_server_error)


Processing CoursesController#index (for 127.0.0.1 at 2009-11-10 10:15:50) [GET]
  [4;36;1mCourse Load (1.4ms)[0m   [0;1mSELECT * FROM "courses" [0m
Rendering template within layouts/application
Rendering courses/index
Completed in 47ms (View: 26, DB: 1) | 200 OK [http://localhost/courses]


Processing CoursesController#index (for 127.0.0.1 at 2009-11-10 10:15:53) [GET]
  [4;35;1mCourse Load (1.4ms)[0m   [0mSELECT * FROM "courses" [0m
Rendering template within layouts/application
Rendering courses/index
Completed in 30ms (View: 10, DB: 1) | 200 OK [http://localhost/courses]


Processing CoursesController#index (for 127.0.0.1 at 2009-11-10 10:36:25) [GET]
  [4;36;1mCourse Load (1.5ms)[0m   [0;1mSELECT * FROM "courses" [0m
Rendering template within layouts/application
Rendering courses/index

ActionView::TemplateError (course_url failed to generate from {:controller=>"courses", :action=>"show", :id=>nil}, expected: {:controller=>"courses", :action=>"show"}, diff: {:id=>nil}) on line #4 of app/views/courses/index.html.erb:
1: <ul>
2: 	<% @courses.each do |course| %>
3: 		<li>
4: 			<%= link_to course.name, course_path(@course) %>
5: 		</li>
6: 	<% end %>
7: 

    (eval):16:in `course_path'
    app/views/courses/index.html.erb:4
    app/views/courses/index.html.erb:2:in `each'
    app/views/courses/index.html.erb:2

Rendered rescues/_trace (188.8ms)
Rendered rescues/_request_and_response (0.7ms)
Rendering rescues/layout (internal_server_error)


Processing CoursesController#index (for 127.0.0.1 at 2009-11-10 10:36:43) [GET]
  [4;35;1mCourse Load (1.4ms)[0m   [0mSELECT * FROM "courses" [0m
Rendering template within layouts/application
Rendering courses/index

ActionView::TemplateError (course_url failed to generate from {:controller=>"courses", :action=>"show", :id=>nil}, expected: {:controller=>"courses", :action=>"show"}, diff: {:id=>nil}) on line #4 of app/views/courses/index.html.erb:
1: <ul>
2: 	<% @courses.each do |course| %>
3: 		<li>
4: 			<%= link_to course.name, course_path(@course) %>
5: 		</li>
6: 	<% end %>
7: 

    (eval):16:in `course_path'
    app/views/courses/index.html.erb:4
    app/views/courses/index.html.erb:2:in `each'
    app/views/courses/index.html.erb:2

Rendered rescues/_trace (349.6ms)
Rendered rescues/_request_and_response (0.8ms)
Rendering rescues/layout (internal_server_error)


Processing CoursesController#index (for 127.0.0.1 at 2009-11-10 10:37:02) [GET]
  [4;36;1mCourse Load (1.5ms)[0m   [0;1mSELECT * FROM "courses" [0m
Rendering template within layouts/application
Rendering courses/index

ActionView::TemplateError (course_url failed to generate from {:controller=>"courses", :action=>"show", :id=>nil}, expected: {:controller=>"courses", :action=>"show"}, diff: {:id=>nil}) on line #4 of app/views/courses/index.html.erb:
1: <ul>
2: 	<% @courses.each do |course| %>
3: 		<li>
4: 			<%= link_to course.name, course_path(@course) %>
5: 		</li>
6: 	<% end %>
7: 

    (eval):16:in `course_path'
    app/views/courses/index.html.erb:4
    app/views/courses/index.html.erb:2:in `each'
    app/views/courses/index.html.erb:2

Rendered rescues/_trace (151.0ms)
Rendered rescues/_request_and_response (0.7ms)
Rendering rescues/layout (internal_server_error)


Processing CoursesController#index (for 127.0.0.1 at 2009-11-10 10:40:18) [GET]
  [4;35;1mCourse Load (6.2ms)[0m   [0mSELECT * FROM "courses" [0m
Rendering template within layouts/application
Rendering courses/index

ActionView::TemplateError (course_url failed to generate from {:controller=>"courses", :action=>"show", :id=>nil}, expected: {:controller=>"courses", :action=>"show"}, diff: {:id=>nil}) on line #4 of app/views/courses/index.html.erb:
1: <ul>
2: 	<% @courses.each do |course| %>
3: 		<li>
4: 			<%= link_to course.name, course_path(@course) %>
5: 		</li>
6: 	<% end %>
7: 

    (eval):16:in `course_path'
    app/views/courses/index.html.erb:4
    app/views/courses/index.html.erb:2:in `each'
    app/views/courses/index.html.erb:2

Rendered rescues/_trace (172.3ms)
Rendered rescues/_request_and_response (0.7ms)
Rendering rescues/layout (internal_server_error)


Processing CoursesController#index (for 127.0.0.1 at 2009-11-10 10:40:21) [GET]
  [4;36;1mCourse Load (1.4ms)[0m   [0;1mSELECT * FROM "courses" [0m
Rendering template within layouts/application
Rendering courses/index

ActionView::TemplateError (course_url failed to generate from {:controller=>"courses", :action=>"show", :id=>nil}, expected: {:controller=>"courses", :action=>"show"}, diff: {:id=>nil}) on line #4 of app/views/courses/index.html.erb:
1: <ul>
2: 	<% @courses.each do |course| %>
3: 		<li>
4: 			<%= link_to course.name, course_path(@course) %>
5: 		</li>
6: 	<% end %>
7: 

    (eval):16:in `course_path'
    app/views/courses/index.html.erb:4
    app/views/courses/index.html.erb:2:in `each'
    app/views/courses/index.html.erb:2

Rendered rescues/_trace (165.1ms)
Rendered rescues/_request_and_response (0.7ms)
Rendering rescues/layout (internal_server_error)


Processing CoursesController#index (for 127.0.0.1 at 2009-11-10 10:41:39) [GET]
  [4;35;1mCourse Load (1.5ms)[0m   [0mSELECT * FROM "courses" [0m
Rendering template within layouts/application
Rendering courses/index
Completed in 207ms (View: 185, DB: 1) | 200 OK [http://localhost/courses]


Processing CoursesController#show (for 127.0.0.1 at 2009-11-10 10:41:42) [GET]
  Parameters: {"id"=>"1"}
  [4;36;1mCourse Load (0.8ms)[0m   [0;1mSELECT * FROM "courses" WHERE ("courses"."id" = 1) [0m
Rendering template within layouts/application
Rendering courses/show
Completed in 43ms (View: 22, DB: 1) | 200 OK [http://localhost/courses/1]


Processing CoursesController#index (for 127.0.0.1 at 2009-11-10 10:41:44) [GET]
  [4;35;1mCourse Load (1.5ms)[0m   [0mSELECT * FROM "courses" [0m
Rendering template within layouts/application
Rendering courses/index
Completed in 29ms (View: 12, DB: 2) | 200 OK [http://localhost/courses]


Processing CoursesController#show (for 127.0.0.1 at 2009-11-10 10:41:47) [GET]
  Parameters: {"id"=>"2"}
  [4;36;1mCourse Load (0.8ms)[0m   [0;1mSELECT * FROM "courses" WHERE ("courses"."id" = 2) [0m
Rendering template within layouts/application
Rendering courses/show
Completed in 30ms (View: 7, DB: 1) | 200 OK [http://localhost/courses/2]


Processing CoursesController#index (for 127.0.0.1 at 2009-11-10 10:41:50) [GET]
  [4;35;1mCourse Load (6.8ms)[0m   [0mSELECT * FROM "courses" [0m
Rendering template within layouts/application
Rendering courses/index
Completed in 36ms (View: 13, DB: 7) | 200 OK [http://localhost/courses]


Processing CoursesController#show (for 127.0.0.1 at 2009-11-10 10:41:52) [GET]
  Parameters: {"id"=>"1"}
  [4;36;1mCourse Load (0.9ms)[0m   [0;1mSELECT * FROM "courses" WHERE ("courses"."id" = 1) [0m
Rendering template within layouts/application
Rendering courses/show
Completed in 32ms (View: 8, DB: 1) | 200 OK [http://localhost/courses/1]


Processing CoursesController#index (for 127.0.0.1 at 2009-11-10 10:41:54) [GET]
  [4;35;1mCourse Load (1.5ms)[0m   [0mSELECT * FROM "courses" [0m
Rendering template within layouts/application
Rendering courses/index
Completed in 35ms (View: 20, DB: 2) | 200 OK [http://localhost/courses]


Processing CoursesController#show (for 127.0.0.1 at 2009-11-10 10:41:56) [GET]
  Parameters: {"id"=>"2"}
  [4;36;1mCourse Load (0.8ms)[0m   [0;1mSELECT * FROM "courses" WHERE ("courses"."id" = 2) [0m
Rendering template within layouts/application
Rendering courses/show
Completed in 34ms (View: 7, DB: 1) | 200 OK [http://localhost/courses/2]


Processing CoursesController#index (for 127.0.0.1 at 2009-11-10 10:41:58) [GET]
  [4;35;1mCourse Load (1.5ms)[0m   [0mSELECT * FROM "courses" [0m
Rendering template within layouts/application
Rendering courses/index
Completed in 32ms (View: 13, DB: 2) | 200 OK [http://localhost/courses]
